<?xml version="1.0" encoding="UTF-8"?>
<!-- Generated by org.testng.reporters.JUnitReportReporter -->
<testsuite hostname="YLMF-1704290123" name="lesson1.AndroidFirstTest" tests="1" failures="0" timestamp="1 May 2017 05:52:41 GMT" time="44.423" errors="0">
  <testcase name="f" time="44.423" classname="lesson1.AndroidFirstTest"/>
</testsuite> <!-- lesson1.AndroidFirstTest -->
