<?xml version="1.0" encoding="UTF-8"?>
<!-- Generated by org.testng.reporters.JUnitReportReporter -->
<testsuite hostname="sunjian-HP" name="lesson1.TestCalculator" tests="1" failures="0" timestamp="16 Feb 2015 12:52:15 GMT" time="13.692" errors="0">
  <testcase name="plus" time="13.692" classname="lesson1.TestCalculator"/>
</testsuite> <!-- lesson1.TestCalculator -->
