<?xml version="1.0" encoding="UTF-8"?>
<!-- Generated by org.testng.reporters.JUnitReportReporter -->
<testsuite hostname="YLMF-1704290123" name="lesson1.AndroidFirstTest" tests="1" failures="0" timestamp="1 May 2017 07:11:14 GMT" time="56.928" errors="0">
  <testcase name="f" time="56.928" classname="lesson1.AndroidFirstTest"/>
</testsuite> <!-- lesson1.AndroidFirstTest -->
