<?xml version="1.0" encoding="UTF-8"?>
<!-- Generated by org.testng.reporters.JUnitReportReporter -->
<testsuite hostname="sunjian-HP" name="lesson2.TestMeiTuan_1" tests="1" failures="0" timestamp="19 Feb 2015 09:34:36 GMT" time="47.421" errors="0">
  <testcase name="testDataDriver" time="47.421" classname="lesson2.TestMeiTuan_1"/>
</testsuite> <!-- lesson2.TestMeiTuan_1 -->
